<?xml version="1.0" encoding="UTF-8"?>
<!-- Generated by org.testng.reporters.JUnitReportReporter -->
<testsuite hostname="DESKTOP-MBIDFSP" failures="0" tests="1" name="org.spirae.mavansample.TC001" time="32.158" errors="0" timestamp="2024-08-14T11:17:39 PDT" skipped="0">
  <testcase classname="org.spirae.mavansample.TC001" name="tc001" time="32.158"/>
  <system-out/>
</testsuite> <!-- org.spirae.mavansample.TC001 -->
