<?xml version="1.0" encoding="UTF-8"?>
<!-- Generated by org.testng.reporters.JUnitReportReporter -->
<testsuite hostname="DESKTOP-MBIDFSP" failures="0" tests="1" name="org.spirae.mavansample.TC001" time="14.445" errors="0" timestamp="2024-08-13T18:47:57 PDT" skipped="0">
  <testcase classname="org.spirae.mavansample.TC001" name="tc001" time="14.445"/>
  <system-out/>
</testsuite> <!-- org.spirae.mavansample.TC001 -->
